TID: [0] [IS] [2013-10-30 11:07:14,182]  WARN {org.apache.directory.server.ldap.LdapSession} -  AbandonableRequest with messageId 2 not found in outstandingRequests. {org.apache.directory.server.ldap.LdapSession}
TID: [0] [IS] [2013-10-30 11:07:14,230]  INFO {org.wso2.carbon.core.services.util.CarbonAuthenticationUtil} -  'admin@carbon.super [-1234]' logged in at [2013-10-30 11:07:14,230+0100] {org.wso2.carbon.core.services.util.CarbonAuthenticationUtil}
TID: [0] [IS] [2013-10-30 11:11:25,745]  WARN {org.apache.directory.server.ldap.LdapSession} -  AbandonableRequest with messageId 2 not found in outstandingRequests. {org.apache.directory.server.ldap.LdapSession}
TID: [0] [IS] [2013-10-30 11:11:25,789]  INFO {org.wso2.carbon.core.services.util.CarbonAuthenticationUtil} -  'admin@carbon.super [-1234]' logged in at [2013-10-30 11:11:25,789+0100] {org.wso2.carbon.core.services.util.CarbonAuthenticationUtil}
TID: [0] [IS] [2013-10-30 11:11:58,800]  INFO {org.wso2.carbon.core.services.authentication.AuthenticationAdmin} -  'admin@carbon.super [-1234]' logged out at [2013-10-30 11:11:58,0800] {org.wso2.carbon.core.services.authentication.AuthenticationAdmin}
TID: [0] [IS] [2013-10-30 14:54:39,703]  WARN {org.apache.directory.server.ldap.LdapSession} -  AbandonableRequest with messageId 2 not found in outstandingRequests. {org.apache.directory.server.ldap.LdapSession}
TID: [0] [IS] [2013-10-30 14:54:39,747]  INFO {org.wso2.carbon.core.services.util.CarbonAuthenticationUtil} -  'admin@carbon.super [-1234]' logged in at [2013-10-30 14:54:39,747+0100] {org.wso2.carbon.core.services.util.CarbonAuthenticationUtil}
TID: [0] [IS] [2013-10-30 14:54:39,757]  INFO {org.wso2.carbon.identity.entitlement.policy.finder.CarbonPolicyFinder} -  Initializing of policy store is started at :  Wed Oct 30 14:54:39 CET 2013 {org.wso2.carbon.identity.entitlement.policy.finder.CarbonPolicyFinder}
TID: [0] [IS] [2013-10-30 14:54:39,760]  INFO {org.wso2.carbon.identity.entitlement.policy.finder.CarbonPolicyFinder} -  Start retrieving policies from org.wso2.carbon.identity.entitlement.policy.store.RegistryPolicyStoreManageModule@2dc5ff1e at : Wed Oct 30 14:54:39 CET 2013 {org.wso2.carbon.identity.entitlement.policy.finder.CarbonPolicyFinder}
TID: [0] [IS] [2013-10-30 14:54:39,768]  INFO {org.wso2.carbon.identity.entitlement.policy.finder.CarbonPolicyFinder} -  Finish retrieving policies from org.wso2.carbon.identity.entitlement.policy.store.RegistryPolicyStoreManageModule@2dc5ff1e at : Wed Oct 30 14:54:39 CET 2013 {org.wso2.carbon.identity.entitlement.policy.finder.CarbonPolicyFinder}
TID: [0] [IS] [2013-10-30 14:54:39,768]  INFO {org.wso2.carbon.identity.entitlement.policy.finder.CarbonPolicyFinder} -  Initializing of policy store is finished at :  Wed Oct 30 14:54:39 CET 2013 {org.wso2.carbon.identity.entitlement.policy.finder.CarbonPolicyFinder}
TID: [0] [IS] [2013-10-30 14:54:39,768]  INFO {org.wso2.carbon.identity.entitlement.policy.finder.CarbonPolicyFinder} -  Initializing of policy store is started at :  Wed Oct 30 14:54:39 CET 2013 {org.wso2.carbon.identity.entitlement.policy.finder.CarbonPolicyFinder}
TID: [0] [IS] [2013-10-30 14:54:39,769]  INFO {org.wso2.carbon.identity.entitlement.policy.finder.CarbonPolicyFinder} -  Start retrieving policies from org.wso2.carbon.identity.entitlement.policy.store.RegistryPolicyStoreManageModule@2dc5ff1e at : Wed Oct 30 14:54:39 CET 2013 {org.wso2.carbon.identity.entitlement.policy.finder.CarbonPolicyFinder}
TID: [0] [IS] [2013-10-30 14:54:39,773]  INFO {org.wso2.carbon.identity.entitlement.policy.finder.CarbonPolicyFinder} -  Finish retrieving policies from org.wso2.carbon.identity.entitlement.policy.store.RegistryPolicyStoreManageModule@2dc5ff1e at : Wed Oct 30 14:54:39 CET 2013 {org.wso2.carbon.identity.entitlement.policy.finder.CarbonPolicyFinder}
TID: [0] [IS] [2013-10-30 14:54:39,773]  INFO {org.wso2.carbon.identity.entitlement.policy.finder.CarbonPolicyFinder} -  Initializing of policy store is finished at :  Wed Oct 30 14:54:39 CET 2013 {org.wso2.carbon.identity.entitlement.policy.finder.CarbonPolicyFinder}
TID: [0] [IS] [2013-10-30 14:54:39,775]  WARN {org.wso2.balana.ctx.RequestCtxFactory} -  No Namespace defined in XACML request and Assume as XACML 3.0 {org.wso2.balana.ctx.RequestCtxFactory}
TID: [0] [IS] [2013-10-30 14:54:46,343]  WARN {org.wso2.balana.ctx.RequestCtxFactory} -  No Namespace defined in XACML request and Assume as XACML 3.0 {org.wso2.balana.ctx.RequestCtxFactory}
TID: [0] [IS] [2013-10-30 15:26:10,071]  WARN {org.apache.directory.server.ldap.LdapSession} -  AbandonableRequest with messageId 2 not found in outstandingRequests. {org.apache.directory.server.ldap.LdapSession}
TID: [0] [IS] [2013-10-30 15:26:10,118]  INFO {org.wso2.carbon.core.services.util.CarbonAuthenticationUtil} -  'admin@carbon.super [-1234]' logged in at [2013-10-30 15:26:10,118+0100] {org.wso2.carbon.core.services.util.CarbonAuthenticationUtil}
TID: [0] [IS] [2013-10-30 15:26:19,849]  INFO {org.wso2.carbon.core.init.CarbonServerManager} -  Gracefully shutting down WSO2 Identity Server... {org.wso2.carbon.core.init.CarbonServerManager}
TID: [0] [IS] [2013-10-30 15:26:19,865]  INFO {org.wso2.carbon.core.ServerManagement} -  Starting to switch to maintenance mode... {org.wso2.carbon.core.ServerManagement}
TID: [0] [IS] [2013-10-30 15:26:19,866]  INFO {org.wso2.carbon.core.ServerManagement} -  Stopped all transport listeners {org.wso2.carbon.core.ServerManagement}
TID: [0] [IS] [2013-10-30 15:26:19,866]  INFO {org.wso2.carbon.core.ServerManagement} -  Waiting for request service completion... {org.wso2.carbon.core.ServerManagement}
TID: [0] [IS] [2013-10-30 15:26:19,925]  INFO {org.wso2.carbon.core.ServerManagement} -  All requests have been served. {org.wso2.carbon.core.ServerManagement}
TID: [0] [IS] [2013-10-30 15:26:19,925]  INFO {org.wso2.carbon.core.ServerManagement} -  Waiting for deployment completion... {org.wso2.carbon.core.ServerManagement}
TID: [0] [IS] [2013-10-30 15:26:19,998]  INFO {org.wso2.carbon.webapp.mgt.WebApplication} -  Unloaded webapp: StandardEngine[Catalina].StandardHost[localhost].StandardContext[/STRATOS_ROOT] {org.wso2.carbon.webapp.mgt.WebApplication}
TID: [0] [IS] [2013-10-30 15:26:20,007]  INFO {org.springframework.web.context.support.XmlWebApplicationContext} -  Closing Root WebApplicationContext: startup date [Fri Oct 25 09:38:46 CEST 2013]; root of context hierarchy {org.springframework.web.context.support.XmlWebApplicationContext}
TID: [0] [IS] [2013-10-30 15:26:20,008]  INFO {org.springframework.beans.factory.support.DefaultListableBeanFactory} -  Destroying singletons in org.springframework.beans.factory.support.DefaultListableBeanFactory@2e9320f0: defining beans [cxf,org.apache.cxf.bus.spring.BusWiringBeanFactoryPostProcessor,org.apache.cxf.bus.spring.Jsr250BeanPostProcessor,org.apache.cxf.bus.spring.BusExtensionPostProcessor,tokEP,authzEndpointBean,tokenEndpointBean,revokeEndpointBean,userinfoEndpointBean]; root of factory hierarchy {org.springframework.beans.factory.support.DefaultListableBeanFactory}
TID: [0] [IS] [2013-10-30 15:26:20,251]  INFO {org.wso2.carbon.webapp.mgt.WebApplication} -  Unloaded webapp: StandardEngine[Catalina].StandardHost[localhost].StandardContext[/oauth2] {org.wso2.carbon.webapp.mgt.WebApplication}
TID: [0] [IS] [2013-10-30 15:26:20,268]  INFO {org.wso2.carbon.webapp.mgt.WebApplication} -  Unloaded webapp: StandardEngine[Catalina].StandardHost[localhost].StandardContext[/authenticationendpoint] {org.wso2.carbon.webapp.mgt.WebApplication}
TID: [0] [IS] [2013-10-30 15:26:20,271]  INFO {org.springframework.web.context.support.XmlWebApplicationContext} -  Closing Root WebApplicationContext: startup date [Fri Oct 25 09:38:50 CEST 2013]; root of context hierarchy {org.springframework.web.context.support.XmlWebApplicationContext}
TID: [0] [IS] [2013-10-30 15:26:20,272]  INFO {org.springframework.beans.factory.support.DefaultListableBeanFactory} -  Destroying singletons in org.springframework.beans.factory.support.DefaultListableBeanFactory@6604299c: defining beans [cxf,org.apache.cxf.bus.spring.BusWiringBeanFactoryPostProcessor,org.apache.cxf.bus.spring.Jsr250BeanPostProcessor,org.apache.cxf.bus.spring.BusExtensionPostProcessor,userResource,userBean,groupResource,groupBean,bulkResource,bulkBean,authenticationFilter]; root of factory hierarchy {org.springframework.beans.factory.support.DefaultListableBeanFactory}
TID: [0] [IS] [2013-10-30 15:26:20,298]  INFO {org.wso2.carbon.webapp.mgt.WebApplication} -  Unloaded webapp: StandardEngine[Catalina].StandardHost[localhost].StandardContext[/wso2] {org.wso2.carbon.webapp.mgt.WebApplication}
TID: [0] [IS] [2013-10-30 15:26:20,299]  INFO {org.wso2.carbon.core.ServerManagement} -  All deployment tasks have been completed. {org.wso2.carbon.core.ServerManagement}
TID: [0] [IS] [2013-10-30 15:26:20,310]  INFO {org.wso2.carbon.core.ServerManagement} -  Waiting for server task completion... {org.wso2.carbon.core.ServerManagement}
TID: [0] [IS] [2013-10-30 15:26:20,311]  INFO {org.wso2.carbon.core.ServerManagement} -  All server tasks have been completed. {org.wso2.carbon.core.ServerManagement}
TID: [0] [IS] [2013-10-30 15:26:20,311]  INFO {org.wso2.carbon.core.init.CarbonServerManager} -  Shutting down WSO2 Identity Server... {org.wso2.carbon.core.init.CarbonServerManager}
TID: [0] [IS] [2013-10-30 15:26:20,311]  INFO {org.wso2.carbon.core.init.CarbonServerManager} -  Shutting down OSGi framework... {org.wso2.carbon.core.init.CarbonServerManager}
TID: [0] [IS] [2013-10-30 15:26:22,941]  INFO {org.wso2.carbon.core.init.CarbonServerManager} -  Stopping CarbonServerManager... {org.wso2.carbon.core.init.CarbonServerManager}
TID: [0] [IS] [2013-10-30 15:26:22,943]  INFO {org.apache.axis2.transport.tcp.TCPTransportSender} -  TCP Sender Shutdown {org.apache.axis2.transport.tcp.TCPTransportSender}
TID: [0] [IS] [2013-10-30 15:26:23,249]  INFO {org.wso2.carbon.tomcat.ext.internal.CarbonTomcatServiceComponent} -  Stopping the carbon web-app registered under : / {org.wso2.carbon.tomcat.ext.internal.CarbonTomcatServiceComponent}
TID: [0] [IS] [2013-10-30 15:26:25,557]  INFO {org.wso2.carbon.core.init.CarbonServerManager} -  Shutdown complete {org.wso2.carbon.core.init.CarbonServerManager}
TID: [0] [IS] [2013-10-30 15:26:25,557]  INFO {org.wso2.carbon.core.init.CarbonServerManager} -  Halting JVM {org.wso2.carbon.core.init.CarbonServerManager}
TID: [0] [IS] [2013-10-30 16:18:13,152]  INFO {org.wso2.carbon.core.internal.CarbonCoreActivator} -  Starting WSO2 Carbon... {org.wso2.carbon.core.internal.CarbonCoreActivator}
TID: [0] [IS] [2013-10-30 16:18:13,155]  INFO {org.wso2.carbon.core.internal.CarbonCoreActivator} -  Operating System : Linux 2.6.18-308.4.1.el5, amd64 {org.wso2.carbon.core.internal.CarbonCoreActivator}
TID: [0] [IS] [2013-10-30 16:18:13,155]  INFO {org.wso2.carbon.core.internal.CarbonCoreActivator} -  Java Home        : /home/marcel/jdk1.7.0_25/jre {org.wso2.carbon.core.internal.CarbonCoreActivator}
TID: [0] [IS] [2013-10-30 16:18:13,155]  INFO {org.wso2.carbon.core.internal.CarbonCoreActivator} -  Java Version     : 1.7.0_25 {org.wso2.carbon.core.internal.CarbonCoreActivator}
TID: [0] [IS] [2013-10-30 16:18:13,155]  INFO {org.wso2.carbon.core.internal.CarbonCoreActivator} -  Java VM          : Java HotSpot(TM) 64-Bit Server VM 23.25-b01,Oracle Corporation {org.wso2.carbon.core.internal.CarbonCoreActivator}
TID: [0] [IS] [2013-10-30 16:18:13,155]  INFO {org.wso2.carbon.core.internal.CarbonCoreActivator} -  Carbon Home      : /home/marcel/IS/wso2is-4.5.0 {org.wso2.carbon.core.internal.CarbonCoreActivator}
TID: [0] [IS] [2013-10-30 16:18:13,155]  INFO {org.wso2.carbon.core.internal.CarbonCoreActivator} -  Java Temp Dir    : /home/marcel/IS/wso2is-4.5.0/tmp {org.wso2.carbon.core.internal.CarbonCoreActivator}
TID: [0] [IS] [2013-10-30 16:18:13,155]  INFO {org.wso2.carbon.core.internal.CarbonCoreActivator} -  User             : marcel, en-US, Europe/San_Marino {org.wso2.carbon.core.internal.CarbonCoreActivator}
TID: [0] [IS] [2013-10-30 16:18:13,238]  WARN {org.wso2.carbon.core.bootup.validator.util.ValidationResultPrinter} -  The default keystore (wso2carbon.jks) is currently being used. To maximize security when deploying to a production environment, configure a new keystore with a unique password in the production server profile. {org.wso2.carbon.core.bootup.validator.util.ValidationResultPrinter}
TID: [0] [IS] [2013-10-30 16:18:13,238]  WARN {org.wso2.carbon.core.bootup.validator.util.ValidationResultPrinter} -  Open files limit :1024 of the system is below the recommended minimum count :4096 {org.wso2.carbon.core.bootup.validator.util.ValidationResultPrinter}
TID: [0] [IS] [2013-10-30 16:18:13,258]  INFO {org.wso2.carbon.databridge.agent.thrift.AgentHolder} -  Agent created ! {org.wso2.carbon.databridge.agent.thrift.AgentHolder}
TID: [0] [IS] [2013-10-30 16:18:13,285]  INFO {org.wso2.carbon.databridge.agent.thrift.internal.AgentDS} -  Successfully deployed Agent Client {org.wso2.carbon.databridge.agent.thrift.internal.AgentDS}
TID: [0] [IS] [2013-10-30 16:18:13,681]  INFO {org.wso2.carbon.identity.authenticator.iwa.ui.internal.Activator} -  Integrated Windows Authenticator enabled in the system {org.wso2.carbon.identity.authenticator.iwa.ui.internal.Activator}
TID: [0] [IS] [2013-10-30 16:18:13,977]  INFO {org.wso2.carbon.ldap.server.configuration.LDAPConfigurationBuilder} -  KDC server is disabled. {org.wso2.carbon.ldap.server.configuration.LDAPConfigurationBuilder}
TID: [0] [IS] [2013-10-30 16:18:14,086]  INFO {org.wso2.carbon.ldap.server.DirectoryActivator} -  Initializing Directory Server with working directory /home/marcel/IS/wso2is-4.5.0/repository/data/org.wso2.carbon.directory and port 10391 {org.wso2.carbon.ldap.server.DirectoryActivator}
TID: [0] [IS] [2013-10-30 16:18:23,635]  WARN {org.apache.directory.server.ldap.LdapSession} -  AbandonableRequest with messageId 2 not found in outstandingRequests. {org.apache.directory.server.ldap.LdapSession}
TID: [0] [IS] [2013-10-30 16:18:23,679]  INFO {org.wso2.carbon.user.core.ldap.ReadWriteLDAPUserStoreManager} -  LDAP connection created successfully in read-write mode {org.wso2.carbon.user.core.ldap.ReadWriteLDAPUserStoreManager}
TID: [0] [IS] [2013-10-30 16:18:23,682]  WARN {org.apache.directory.server.ldap.LdapSession} -  AbandonableRequest with messageId 4 not found in outstandingRequests. {org.apache.directory.server.ldap.LdapSession}
TID: [0] [IS] [2013-10-30 16:18:23,961]  INFO {org.wso2.carbon.registry.core.jdbc.EmbeddedRegistryService} -  Configured Registry in 48ms {org.wso2.carbon.registry.core.jdbc.EmbeddedRegistryService}
TID: [0] [IS] [2013-10-30 16:18:24,116]  INFO {org.wso2.carbon.registry.core.internal.RegistryCoreServiceComponent} -  Registry Mode    : READ-WRITE {org.wso2.carbon.registry.core.internal.RegistryCoreServiceComponent}
TID: [0] [IS] [2013-10-30 16:18:27,304]  INFO {org.wso2.carbon.user.core.internal.UserStoreMgtDSComponent} -  Carbon UserStoreMgtDSComponent activated successfully. {org.wso2.carbon.user.core.internal.UserStoreMgtDSComponent}
TID: [0] [IS] [2013-10-30 16:18:31,466]  INFO {org.apache.catalina.startup.TaglibUriRule} -  TLD skipped. URI: http://tiles.apache.org/tags-tiles is already defined {org.apache.catalina.startup.TaglibUriRule}
TID: [0] [IS] [2013-10-30 16:18:33,026]  INFO {org.apache.axis2.deployment.ClusterBuilder} -  Clustering has been disabled {org.apache.axis2.deployment.ClusterBuilder}
TID: [0] [IS] [2013-10-30 16:18:33,398]  INFO {org.wso2.carbon.stratos.landing.page.deployer.LandingPageWebappDeployer} -  Deployed product landing page webapp: StandardEngine[Catalina].StandardHost[localhost].StandardContext[/home] {org.wso2.carbon.stratos.landing.page.deployer.LandingPageWebappDeployer}
TID: [0] [IS] [2013-10-30 16:18:33,398]  INFO {org.wso2.carbon.identity.user.store.configuration.deployer.UserStoreConfigurationDeployer} -  User Store Configuration Deployer initiated. {org.wso2.carbon.identity.user.store.configuration.deployer.UserStoreConfigurationDeployer}
TID: [0] [IS] [2013-10-30 16:18:33,453]  INFO {org.apache.axis2.transport.tcp.TCPTransportSender} -  TCP Sender started {org.apache.axis2.transport.tcp.TCPTransportSender}
TID: [0] [IS] [2013-10-30 16:18:33,540]  INFO {org.wso2.carbon.webapp.mgt.TomcatGenericWebappsDeployer} -  Deployed webapp: StandardEngine[Catalina].StandardHost[localhost].StandardContext[/STRATOS_ROOT].File[/home/marcel/IS/wso2is-4.5.0/repository/deployment/server/webapps/STRATOS_ROOT] {org.wso2.carbon.webapp.mgt.TomcatGenericWebappsDeployer}
TID: [0] [IS] [2013-10-30 16:18:35,974]  INFO {org.springframework.web.context.support.XmlWebApplicationContext} -  Refreshing Root WebApplicationContext: startup date [Wed Oct 30 16:18:35 CET 2013]; root of context hierarchy {org.springframework.web.context.support.XmlWebApplicationContext}
TID: [0] [IS] [2013-10-30 16:18:36,057]  INFO {org.springframework.beans.factory.xml.XmlBeanDefinitionReader} -  Loading XML bean definitions from class path resource [META-INF/cxf/cxf.xml] {org.springframework.beans.factory.xml.XmlBeanDefinitionReader}
TID: [0] [IS] [2013-10-30 16:18:36,152]  INFO {org.springframework.beans.factory.xml.XmlBeanDefinitionReader} -  Loading XML bean definitions from URL [jndi:/localhost/oauth2/WEB-INF/cxf-servlet.xml] {org.springframework.beans.factory.xml.XmlBeanDefinitionReader}
TID: [0] [IS] [2013-10-30 16:18:36,283]  INFO {org.springframework.beans.factory.support.DefaultListableBeanFactory} -  Pre-instantiating singletons in org.springframework.beans.factory.support.DefaultListableBeanFactory@4e8fadbe: defining beans [cxf,org.apache.cxf.bus.spring.BusWiringBeanFactoryPostProcessor,org.apache.cxf.bus.spring.Jsr250BeanPostProcessor,org.apache.cxf.bus.spring.BusExtensionPostProcessor,tokEP,authzEndpointBean,tokenEndpointBean,revokeEndpointBean,userinfoEndpointBean]; root of factory hierarchy {org.springframework.beans.factory.support.DefaultListableBeanFactory}
TID: [0] [IS] [2013-10-30 16:18:36,830]  INFO {org.apache.cxf.endpoint.ServerImpl} -  Setting the server's publish address to be / {org.apache.cxf.endpoint.ServerImpl}
TID: [0] [IS] [2013-10-30 16:18:36,961]  INFO {org.wso2.carbon.webapp.mgt.TomcatGenericWebappsDeployer} -  Deployed webapp: StandardEngine[Catalina].StandardHost[localhost].StandardContext[/oauth2].File[/home/marcel/IS/wso2is-4.5.0/repository/deployment/server/webapps/oauth2.war] {org.wso2.carbon.webapp.mgt.TomcatGenericWebappsDeployer}
TID: [0] [IS] [2013-10-30 16:18:37,017]  INFO {org.wso2.carbon.webapp.mgt.TomcatGenericWebappsDeployer} -  Deployed webapp: StandardEngine[Catalina].StandardHost[localhost].StandardContext[/authenticationendpoint].File[/home/marcel/IS/wso2is-4.5.0/repository/deployment/server/webapps/authenticationendpoint.war] {org.wso2.carbon.webapp.mgt.TomcatGenericWebappsDeployer}
TID: [0] [IS] [2013-10-30 16:18:38,165]  INFO {org.springframework.web.context.support.XmlWebApplicationContext} -  Refreshing Root WebApplicationContext: startup date [Wed Oct 30 16:18:38 CET 2013]; root of context hierarchy {org.springframework.web.context.support.XmlWebApplicationContext}
TID: [0] [IS] [2013-10-30 16:18:38,223]  INFO {org.springframework.beans.factory.xml.XmlBeanDefinitionReader} -  Loading XML bean definitions from class path resource [META-INF/cxf/cxf.xml] {org.springframework.beans.factory.xml.XmlBeanDefinitionReader}
TID: [0] [IS] [2013-10-30 16:18:38,271]  INFO {org.springframework.beans.factory.xml.XmlBeanDefinitionReader} -  Loading XML bean definitions from URL [jndi:/localhost/wso2/WEB-INF/cxf-servlet.xml] {org.springframework.beans.factory.xml.XmlBeanDefinitionReader}
TID: [0] [IS] [2013-10-30 16:18:38,392]  INFO {org.springframework.beans.factory.support.DefaultListableBeanFactory} -  Pre-instantiating singletons in org.springframework.beans.factory.support.DefaultListableBeanFactory@74f2a41c: defining beans [cxf,org.apache.cxf.bus.spring.BusWiringBeanFactoryPostProcessor,org.apache.cxf.bus.spring.Jsr250BeanPostProcessor,org.apache.cxf.bus.spring.BusExtensionPostProcessor,userResource,userBean,groupResource,groupBean,bulkResource,bulkBean,authenticationFilter]; root of factory hierarchy {org.springframework.beans.factory.support.DefaultListableBeanFactory}
TID: [0] [IS] [2013-10-30 16:18:38,889]  INFO {org.apache.cxf.endpoint.ServerImpl} -  Setting the server's publish address to be /Users {org.apache.cxf.endpoint.ServerImpl}
TID: [0] [IS] [2013-10-30 16:18:38,995]  INFO {org.apache.cxf.endpoint.ServerImpl} -  Setting the server's publish address to be /Groups {org.apache.cxf.endpoint.ServerImpl}
TID: [0] [IS] [2013-10-30 16:18:39,001]  INFO {org.apache.cxf.endpoint.ServerImpl} -  Setting the server's publish address to be /Bulk {org.apache.cxf.endpoint.ServerImpl}
TID: [0] [IS] [2013-10-30 16:18:39,013]  INFO {org.wso2.carbon.webapp.mgt.TomcatGenericWebappsDeployer} -  Deployed webapp: StandardEngine[Catalina].StandardHost[localhost].StandardContext[/wso2].File[/home/marcel/IS/wso2is-4.5.0/repository/deployment/server/webapps/wso2.war] {org.wso2.carbon.webapp.mgt.TomcatGenericWebappsDeployer}
TID: [0] [IS] [2013-10-30 16:18:39,429]  INFO {org.apache.axis2.deployment.ModuleDeployer} -  Deploying module: addressing-1.6.1-wso2v10 - file:/home/marcel/IS/wso2is-4.5.0/repository/deployment/client/modules/addressing-1.6.1-wso2v10.mar {org.apache.axis2.deployment.ModuleDeployer}
TID: [0] [IS] [2013-10-30 16:18:39,434]  INFO {org.apache.axis2.deployment.ModuleDeployer} -  Deploying module: rampart-1.6.1-wso2v6 - file:/home/marcel/IS/wso2is-4.5.0/repository/deployment/client/modules/rampart-1.6.1-wso2v6.mar {org.apache.axis2.deployment.ModuleDeployer}
TID: [0] [IS] [2013-10-30 16:18:39,437]  INFO {org.apache.axis2.transport.tcp.TCPTransportSender} -  TCP Sender started {org.apache.axis2.transport.tcp.TCPTransportSender}
TID: [0] [IS] [2013-10-30 16:18:42,140]  INFO {org.wso2.carbon.core.deployment.DeploymentInterceptor} -  Deploying Axis2 service: AuthorizationAdminService {super-tenant} {org.wso2.carbon.core.deployment.DeploymentInterceptor}
TID: [0] [IS] [2013-10-30 16:18:42,655]  INFO {org.apache.axis2.deployment.DeploymentEngine} -  Deploying Web service: org.wso2.carbon.identity.authorization.core -  {org.apache.axis2.deployment.DeploymentEngine}
TID: [0] [IS] [2013-10-30 16:18:43,102]  INFO {org.wso2.carbon.core.deployment.DeploymentInterceptor} -  Deploying Axis2 service: UserInformationRecoveryService {super-tenant} {org.wso2.carbon.core.deployment.DeploymentInterceptor}
TID: [0] [IS] [2013-10-30 16:18:43,273]  INFO {org.wso2.carbon.core.deployment.DeploymentInterceptor} -  Deploying Axis2 service: UserIdentityManagementAdminService {super-tenant} {org.wso2.carbon.core.deployment.DeploymentInterceptor}
TID: [0] [IS] [2013-10-30 16:18:43,743]  INFO {org.wso2.carbon.core.deployment.DeploymentInterceptor} -  Deploying Axis2 service: UserIdentityManagementService {super-tenant} {org.wso2.carbon.core.deployment.DeploymentInterceptor}
TID: [0] [IS] [2013-10-30 16:18:43,795]  INFO {org.apache.axis2.deployment.DeploymentEngine} -  Deploying Web service: org.wso2.carbon.identity.mgt -  {org.apache.axis2.deployment.DeploymentEngine}
TID: [0] [IS] [2013-10-30 16:18:44,879]  INFO {org.wso2.carbon.core.deployment.DeploymentInterceptor} -  Deploying Axis2 service: wso2carbon-sts {super-tenant} {org.wso2.carbon.core.deployment.DeploymentInterceptor}
TID: [0] [IS] [2013-10-30 16:18:44,936]  INFO {org.apache.axis2.deployment.DeploymentEngine} -  Deploying Web service: org.wso2.carbon.sts -  {org.apache.axis2.deployment.DeploymentEngine}
TID: [0] [IS] [2013-10-30 16:18:45,558]  WARN {org.apache.axis2.description.java2wsdl.DefaultSchemaGenerator} -  We don't support method overloading. Ignoring [getAttributeName] {org.apache.axis2.description.java2wsdl.DefaultSchemaGenerator}
TID: [0] [IS] [2013-10-30 16:18:45,765]  INFO {org.wso2.carbon.core.deployment.DeploymentInterceptor} -  Deploying Axis2 service: XKMS {super-tenant} {org.wso2.carbon.core.deployment.DeploymentInterceptor}
TID: [0] [IS] [2013-10-30 16:18:45,795]  INFO {org.apache.axis2.deployment.DeploymentEngine} -  Deploying Web service: org.wso2.carbon.xkms -  {org.apache.axis2.deployment.DeploymentEngine}
TID: [0] [IS] [2013-10-30 16:18:45,801]  INFO {org.apache.axis2.deployment.DeploymentEngine} -  Deploying Web service: org.wso2.carbon.xkms.mgt -  {org.apache.axis2.deployment.DeploymentEngine}
TID: [0] [IS] [2013-10-30 16:18:45,928]  INFO {org.wso2.carbon.core.deployment.DeploymentInterceptor} -  Deploying Axis2 service: xkms {super-tenant} {org.wso2.carbon.core.deployment.DeploymentInterceptor}
TID: [0] [IS] [2013-10-30 16:18:45,972]  INFO {org.apache.axis2.deployment.DeploymentEngine} -  Deploying Web service: xkms -  {org.apache.axis2.deployment.DeploymentEngine}
TID: [0] [IS] [2013-10-30 16:18:46,070]  INFO {org.wso2.carbon.core.init.CarbonServerManager} -  Repository       : /home/marcel/IS/wso2is-4.5.0/repository/deployment/server/ {org.wso2.carbon.core.init.CarbonServerManager}
TID: [0] [IS] [2013-10-30 16:18:46,145]  INFO {org.wso2.carbon.core.internal.permission.update.PermissionUpdater} -  Permission cache updated for tenant -1234 {org.wso2.carbon.core.internal.permission.update.PermissionUpdater}
TID: [0] [IS] [2013-10-30 16:18:46,938]  INFO {org.wso2.carbon.core.transports.http.HttpsTransportListener} -  HTTPS port       : 9445 {org.wso2.carbon.core.transports.http.HttpsTransportListener}
TID: [0] [IS] [2013-10-30 16:18:46,939]  INFO {org.wso2.carbon.core.transports.http.HttpTransportListener} -  HTTP port        : 9765 {org.wso2.carbon.core.transports.http.HttpTransportListener}
TID: [0] [IS] [2013-10-30 16:18:46,942]  INFO {org.apache.tomcat.util.net.NioSelectorPool} -  Using a shared selector for servlet write/read {org.apache.tomcat.util.net.NioSelectorPool}
TID: [0] [IS] [2013-10-30 16:18:47,966]  INFO {org.apache.tomcat.util.net.NioSelectorPool} -  Using a shared selector for servlet write/read {org.apache.tomcat.util.net.NioSelectorPool}
TID: [0] [IS] [2013-10-30 16:18:48,396]  INFO {org.wso2.carbon.core.init.JMXServerManager} -  JMX Service URL  : service:jmx:rmi://localhost:11113/jndi/rmi://localhost:10001/jmxrmi {org.wso2.carbon.core.init.JMXServerManager}
TID: [0] [IS] [2013-10-30 16:18:48,397]  INFO {org.wso2.carbon.core.internal.StartupFinalizerServiceComponent} -  Server           :  WSO2 Identity Server-4.5.0 {org.wso2.carbon.core.internal.StartupFinalizerServiceComponent}
TID: [0] [IS] [2013-10-30 16:18:48,397]  INFO {org.wso2.carbon.core.internal.StartupFinalizerServiceComponent} -  WSO2 Carbon started in 42 sec {org.wso2.carbon.core.internal.StartupFinalizerServiceComponent}
TID: [0] [IS] [2013-10-30 16:18:48,764]  INFO {org.wso2.carbon.ui.internal.CarbonUIServiceComponent} -  Mgt Console URL  : https://localhost:9445/carbon/ {org.wso2.carbon.ui.internal.CarbonUIServiceComponent}
TID: [0] [IS] [2013-10-30 16:18:49,198]  INFO {org.wso2.carbon.identity.entitlement.internal.EntitlementServiceComponent} -  Started thrift entitlement service at port:10502 {org.wso2.carbon.identity.entitlement.internal.EntitlementServiceComponent}
TID: [0] [IS] [2013-10-30 16:19:04,751]  INFO {org.wso2.carbon.identity.entitlement.internal.SchemaBuilder} -  XACML policy schema loaded successfully. {org.wso2.carbon.identity.entitlement.internal.SchemaBuilder}
TID: [0] [IS] [2013-10-30 16:19:46,954]  WARN {org.apache.directory.server.ldap.LdapSession} -  AbandonableRequest with messageId 2 not found in outstandingRequests. {org.apache.directory.server.ldap.LdapSession}
TID: [0] [IS] [2013-10-30 16:19:47,002]  INFO {org.wso2.carbon.core.services.util.CarbonAuthenticationUtil} -  'admin@carbon.super [-1234]' logged in at [2013-10-30 16:19:47,002+0100] {org.wso2.carbon.core.services.util.CarbonAuthenticationUtil}
TID: [0] [IS] [2013-10-30 16:19:47,137]  INFO {org.wso2.carbon.identity.entitlement.policy.finder.CarbonPolicyFinder} -  Initializing of policy store is started at :  Wed Oct 30 16:19:47 CET 2013 {org.wso2.carbon.identity.entitlement.policy.finder.CarbonPolicyFinder}
TID: [0] [IS] [2013-10-30 16:19:47,151]  INFO {org.wso2.carbon.identity.entitlement.policy.finder.CarbonPolicyFinder} -  Start retrieving policies from org.wso2.carbon.identity.entitlement.policy.store.RegistryPolicyStoreManageModule@30dd310a at : Wed Oct 30 16:19:47 CET 2013 {org.wso2.carbon.identity.entitlement.policy.finder.CarbonPolicyFinder}
TID: [0] [IS] [2013-10-30 16:19:47,183]  INFO {org.wso2.carbon.identity.entitlement.policy.finder.CarbonPolicyFinder} -  Finish retrieving policies from org.wso2.carbon.identity.entitlement.policy.store.RegistryPolicyStoreManageModule@30dd310a at : Wed Oct 30 16:19:47 CET 2013 {org.wso2.carbon.identity.entitlement.policy.finder.CarbonPolicyFinder}
TID: [0] [IS] [2013-10-30 16:19:47,184]  INFO {org.wso2.carbon.identity.entitlement.policy.finder.CarbonPolicyFinder} -  Initializing of policy store is finished at :  Wed Oct 30 16:19:47 CET 2013 {org.wso2.carbon.identity.entitlement.policy.finder.CarbonPolicyFinder}
TID: [0] [IS] [2013-10-30 16:19:47,184]  INFO {org.wso2.carbon.identity.entitlement.policy.finder.CarbonPolicyFinder} -  Initializing of policy store is started at :  Wed Oct 30 16:19:47 CET 2013 {org.wso2.carbon.identity.entitlement.policy.finder.CarbonPolicyFinder}
TID: [0] [IS] [2013-10-30 16:19:47,185]  INFO {org.wso2.carbon.identity.entitlement.policy.finder.CarbonPolicyFinder} -  Start retrieving policies from org.wso2.carbon.identity.entitlement.policy.store.RegistryPolicyStoreManageModule@30dd310a at : Wed Oct 30 16:19:47 CET 2013 {org.wso2.carbon.identity.entitlement.policy.finder.CarbonPolicyFinder}
TID: [0] [IS] [2013-10-30 16:19:47,191]  INFO {org.wso2.carbon.identity.entitlement.policy.finder.CarbonPolicyFinder} -  Finish retrieving policies from org.wso2.carbon.identity.entitlement.policy.store.RegistryPolicyStoreManageModule@30dd310a at : Wed Oct 30 16:19:47 CET 2013 {org.wso2.carbon.identity.entitlement.policy.finder.CarbonPolicyFinder}
TID: [0] [IS] [2013-10-30 16:19:47,192]  INFO {org.wso2.carbon.identity.entitlement.policy.finder.CarbonPolicyFinder} -  Initializing of policy store is finished at :  Wed Oct 30 16:19:47 CET 2013 {org.wso2.carbon.identity.entitlement.policy.finder.CarbonPolicyFinder}
TID: [0] [IS] [2013-10-30 16:19:47,198]  WARN {org.wso2.balana.ctx.RequestCtxFactory} -  No Namespace defined in XACML request and Assume as XACML 3.0 {org.wso2.balana.ctx.RequestCtxFactory}
TID: [0] [IS] [2013-10-30 16:20:05,539]  WARN {org.wso2.balana.ctx.RequestCtxFactory} -  No Namespace defined in XACML request and Assume as XACML 3.0 {org.wso2.balana.ctx.RequestCtxFactory}
TID: [0] [IS] [2013-10-30 17:51:38,949]  WARN {org.apache.directory.server.ldap.LdapSession} -  AbandonableRequest with messageId 2 not found in outstandingRequests. {org.apache.directory.server.ldap.LdapSession}
TID: [0] [IS] [2013-10-30 17:51:38,996]  INFO {org.wso2.carbon.core.services.util.CarbonAuthenticationUtil} -  'admin@carbon.super [-1234]' logged in at [2013-10-30 17:51:38,996+0100] {org.wso2.carbon.core.services.util.CarbonAuthenticationUtil}
TID: [0] [IS] [2013-10-30 17:51:39,017]  INFO {org.wso2.carbon.identity.entitlement.policy.finder.CarbonPolicyFinder} -  Initializing of policy store is started at :  Wed Oct 30 17:51:39 CET 2013 {org.wso2.carbon.identity.entitlement.policy.finder.CarbonPolicyFinder}
TID: [0] [IS] [2013-10-30 17:51:39,021]  INFO {org.wso2.carbon.identity.entitlement.policy.finder.CarbonPolicyFinder} -  Start retrieving policies from org.wso2.carbon.identity.entitlement.policy.store.RegistryPolicyStoreManageModule@30dd310a at : Wed Oct 30 17:51:39 CET 2013 {org.wso2.carbon.identity.entitlement.policy.finder.CarbonPolicyFinder}
TID: [0] [IS] [2013-10-30 17:51:39,043]  INFO {org.wso2.carbon.identity.entitlement.policy.finder.CarbonPolicyFinder} -  Finish retrieving policies from org.wso2.carbon.identity.entitlement.policy.store.RegistryPolicyStoreManageModule@30dd310a at : Wed Oct 30 17:51:39 CET 2013 {org.wso2.carbon.identity.entitlement.policy.finder.CarbonPolicyFinder}
TID: [0] [IS] [2013-10-30 17:51:39,043]  INFO {org.wso2.carbon.identity.entitlement.policy.finder.CarbonPolicyFinder} -  Initializing of policy store is finished at :  Wed Oct 30 17:51:39 CET 2013 {org.wso2.carbon.identity.entitlement.policy.finder.CarbonPolicyFinder}
TID: [0] [IS] [2013-10-30 17:51:39,043]  INFO {org.wso2.carbon.identity.entitlement.policy.finder.CarbonPolicyFinder} -  Initializing of policy store is started at :  Wed Oct 30 17:51:39 CET 2013 {org.wso2.carbon.identity.entitlement.policy.finder.CarbonPolicyFinder}
TID: [0] [IS] [2013-10-30 17:51:39,044]  INFO {org.wso2.carbon.identity.entitlement.policy.finder.CarbonPolicyFinder} -  Start retrieving policies from org.wso2.carbon.identity.entitlement.policy.store.RegistryPolicyStoreManageModule@30dd310a at : Wed Oct 30 17:51:39 CET 2013 {org.wso2.carbon.identity.entitlement.policy.finder.CarbonPolicyFinder}
TID: [0] [IS] [2013-10-30 17:51:39,050]  INFO {org.wso2.carbon.identity.entitlement.policy.finder.CarbonPolicyFinder} -  Finish retrieving policies from org.wso2.carbon.identity.entitlement.policy.store.RegistryPolicyStoreManageModule@30dd310a at : Wed Oct 30 17:51:39 CET 2013 {org.wso2.carbon.identity.entitlement.policy.finder.CarbonPolicyFinder}
TID: [0] [IS] [2013-10-30 17:51:39,050]  INFO {org.wso2.carbon.identity.entitlement.policy.finder.CarbonPolicyFinder} -  Initializing of policy store is finished at :  Wed Oct 30 17:51:39 CET 2013 {org.wso2.carbon.identity.entitlement.policy.finder.CarbonPolicyFinder}
TID: [0] [IS] [2013-10-30 17:51:39,053]  WARN {org.wso2.balana.ctx.RequestCtxFactory} -  No Namespace defined in XACML request and Assume as XACML 3.0 {org.wso2.balana.ctx.RequestCtxFactory}
TID: [0] [IS] [2013-10-30 17:51:46,621]  WARN {org.wso2.balana.ctx.RequestCtxFactory} -  No Namespace defined in XACML request and Assume as XACML 3.0 {org.wso2.balana.ctx.RequestCtxFactory}
