!SESSION 2013-10-21 14:57:25.376 -----------------------------------------------
eclipse.buildId=unknown
java.version=1.7.0_25
java.vendor=Oracle Corporation
BootLoader constants: OS=linux, ARCH=x86_64, WS=gtk, NL=en_US

!ENTRY org.eclipse.equinox.registry 2 0 2013-10-21 14:57:25.376
!MESSAGE The extensions and extension-points from the bundle "datanucleus-api-jdo" are ignored. The bundle is not marked as singleton. 

!ENTRY org.eclipse.equinox.registry 2 0 2013-10-21 14:57:25.377
!MESSAGE The extensions and extension-points from the bundle "datanucleus-core" are ignored. The bundle is not marked as singleton. 

!ENTRY org.eclipse.equinox.registry 2 0 2013-10-21 14:57:25.377
!MESSAGE The extensions and extension-points from the bundle "datanucleus-enhancer" are ignored. The bundle is not marked as singleton. 

!ENTRY org.eclipse.equinox.registry 2 0 2013-10-21 14:57:25.378
!MESSAGE The extensions and extension-points from the bundle "datanucleus-rdbms" are ignored. The bundle is not marked as singleton. 

!ENTRY org.wso2.carbon.core 2 0 2013-10-21 14:57:26.075
!MESSAGE [SCR] Found components with duplicated names! Details: 
Component1 : Component[
	name = org.wso2.stratos.permission.update.PermissionUpdateServiceComponent
	factory = null
	autoenable = true
	immediate = true
	implementation = org.wso2.carbon.core.internal.permission.update.PermissionUpdateServiceComponent
	state = Unsatisfied
	properties = {service.pid=org.wso2.stratos.permission.update.PermissionUpdateServiceComponent}
	serviceFactory = false
	serviceInterface = null
	references = {
		Reference[name = registry.service, interface = org.wso2.carbon.registry.core.service.RegistryService, policy = dynamic, cardinality = 1..1, target = null, bind = setRegistryService, unbind = unsetRegistryService]
		Reference[name = config.context.service, interface = org.wso2.carbon.utils.ConfigurationContextService, policy = dynamic, cardinality = 1..1, target = null, bind = setConfigurationContextService, unbind = unsetConfigurationContextService]
	}
	located in bundle = org.wso2.carbon.core_4.1.0 [213]
]
Component2: Component[
	name = org.wso2.stratos.permission.update.PermissionUpdateServiceComponent
	factory = null
	autoenable = true
	immediate = true
	implementation = org.wso2.carbon.bam.dashboard.internal.BAMDashboardDS
	state = Unsatisfied
	properties = {service.pid=org.wso2.stratos.permission.update.PermissionUpdateServiceComponent}
	serviceFactory = false
	serviceInterface = null
	references = null
	located in bundle = org.wso2.carbon.bam.dashboard_4.1.2 [184]
]  

!ENTRY org.wso2.carbon.dashboard.gadgetrepopopulator 2 0 2013-10-21 14:57:26.126
!MESSAGE [SCR] Found components with duplicated names! Details: 
Component1 : Component[
	name = org.wso2.carbon.dashboard.gadgetrepopopulator
	factory = null
	autoenable = true
	immediate = true
	implementation = org.wso2.carbon.dashboard.gadgetrepopopulator.internal.GadgetRepoPopulatorServiceComponent
	state = Unsatisfied
	properties = {service.pid=org.wso2.carbon.dashboard.gadgetrepopopulator}
	serviceFactory = false
	serviceInterface = null
	references = {
		Reference[name = registry.service, interface = org.wso2.carbon.registry.core.service.RegistryService, policy = dynamic, cardinality = 1..1, target = null, bind = setRegistryService, unbind = unsetRegistryService]
		Reference[name = user.realm.delegating, interface = org.wso2.carbon.user.core.UserRealm, policy = dynamic, cardinality = 1..1, target = (RealmGenre=Delegating), bind = setUserRealm, unbind = unsetUserRealm]
		Reference[name = login.subscription.service, interface = org.wso2.carbon.core.services.callback.LoginSubscriptionManagerService, policy = dynamic, cardinality = 0..1, target = null, bind = setLoginSubscriptionManagerService, unbind = unsetLoginSubscriptionManagerService]
	}
	located in bundle = org.wso2.carbon.dashboard.gadgetrepopopulator_4.1.0 [221]
]
Component2: Component[
	name = org.wso2.carbon.dashboard.gadgetrepopopulator
	factory = null
	autoenable = true
	immediate = true
	implementation = org.wso2.carbon.dashboard.common.internal.OAuthServiceComponent
	state = Unsatisfied
	properties = {service.pid=org.wso2.carbon.dashboard.gadgetrepopopulator}
	serviceFactory = false
	serviceInterface = null
	references = {
		Reference[name = registry.service, interface = org.wso2.carbon.registry.core.service.RegistryService, policy = dynamic, cardinality = 1..1, target = null, bind = setRegistryService, unbind = unsetRegistryService]
		Reference[name = config.context.service, interface = org.wso2.carbon.utils.ConfigurationContextService, policy = dynamic, cardinality = 1..1, target = null, bind = setConfigurationContextService, unbind = unsetConfigurationContextService]
	}
	located in bundle = org.wso2.carbon.dashboard.common_4.1.0 [219]
]  

!ENTRY org.wso2.carbon.dashboard.mgt.users 2 0 2013-10-21 14:57:26.143
!MESSAGE [SCR] Found components with duplicated names! Details: 
Component1 : Component[
	name = org.wso2.carbon.dashboard
	factory = null
	autoenable = true
	immediate = true
	implementation = org.wso2.carbon.dashboard.mgt.users.internal.GadgetServerUserManagementServiceComponent
	state = Unsatisfied
	properties = {service.pid=org.wso2.carbon.dashboard}
	serviceFactory = false
	serviceInterface = null
	references = {
		Reference[name = registry.service, interface = org.wso2.carbon.registry.core.service.RegistryService, policy = dynamic, cardinality = 1..1, target = null, bind = setRegistryService, unbind = unsetRegistryService]
		Reference[name = user.realm.delegating, interface = org.wso2.carbon.user.core.UserRealm, policy = dynamic, cardinality = 1..1, target = (RealmGenre=Delegating), bind = setUserRealm, unbind = unsetUserRealm]
		Reference[name = login.subscription.service, interface = org.wso2.carbon.core.services.callback.LoginSubscriptionManagerService, policy = dynamic, cardinality = 0..1, target = null, bind = setLoginSubscriptionManagerService, unbind = unsetLoginSubscriptionManagerService]
		Reference[name = config.context.service, interface = org.wso2.carbon.utils.ConfigurationContextService, policy = dynamic, cardinality = 1..1, target = null, bind = setConfigurationContextService, unbind = unsetConfigurationContextService]
	}
	located in bundle = org.wso2.carbon.dashboard.mgt.users_4.1.0 [226]
]
Component2: Component[
	name = org.wso2.carbon.dashboard
	factory = null
	autoenable = true
	immediate = true
	implementation = org.wso2.carbon.dashboard.internal.DashboardServiceComponent
	state = Unsatisfied
	properties = {service.pid=org.wso2.carbon.dashboard}
	serviceFactory = false
	serviceInterface = null
	references = {
		Reference[name = registry.service, interface = org.wso2.carbon.registry.core.service.RegistryService, policy = dynamic, cardinality = 1..1, target = null, bind = setRegistryService, unbind = unsetRegistryService]
		Reference[name = user.realm.delegating, interface = org.wso2.carbon.user.core.UserRealm, policy = dynamic, cardinality = 1..1, target = (RealmGenre=Delegating), bind = setUserRealm, unbind = unsetUserRealm]
		Reference[name = config.context.service, interface = org.wso2.carbon.utils.ConfigurationContextService, policy = dynamic, cardinality = 1..1, target = null, bind = setConfigurationContextService, unbind = unsetConfigurationContextService]
	}
	located in bundle = org.wso2.carbon.dashboard_4.1.0 [218]
]  

!ENTRY org.wso2.carbon.ui.menu.stratos 2 0 2013-10-21 14:57:27.716
!MESSAGE [SCR] Found components with duplicated names! Details: 
Component1 : Component[
	name = org.wso2.carbon.ui.menu.general.internal.StratosUIGeneralMenuDSComponent
	factory = null
	autoenable = true
	immediate = true
	implementation = org.wso2.carbon.ui.menu.stratos.internal.StratosUIGeneralMenuDSComponent
	state = Unsatisfied
	properties = {service.pid=org.wso2.carbon.ui.menu.general.internal.StratosUIGeneralMenuDSComponent}
	serviceFactory = false
	serviceInterface = null
	references = null
	located in bundle = org.wso2.carbon.ui.menu.stratos_2.1.0 [352]
]
Component2: Component[
	name = org.wso2.carbon.ui.menu.general.internal.StratosUIGeneralMenuDSComponent
	factory = null
	autoenable = true
	immediate = true
	implementation = org.wso2.carbon.ui.menu.stratos.internal.StratosUIGeneralMenuDSComponent
	state = Unsatisfied
	properties = {service.pid=org.wso2.carbon.ui.menu.general.internal.StratosUIGeneralMenuDSComponent}
	serviceFactory = false
	serviceInterface = null
	references = null
	located in bundle = org.wso2.carbon.ui.menu.stratos_2.0.0 [351]
]  

!ENTRY org.eclipse.equinox.ds 4 0 2013-10-21 14:57:31.738
!MESSAGE [SCR] Exception while activating instance org.wso2.carbon.webapp.mgt.internal.UrlMapperServiceComponent@3246d0fc of component org.wso2.carbon.webapp.mgt.internal.UrlMapperServiceComponent  
!STACK 0
java.lang.NoClassDefFoundError: org/wso2/carbon/url/mapper/HotUpdateService
	at java.lang.Class.getDeclaredMethods0(Native Method)
	at java.lang.Class.privateGetDeclaredMethods(Class.java:2521)
	at java.lang.Class.getDeclaredMethod(Class.java:1992)
	at org.eclipse.equinox.internal.ds.model.ServiceComponent.getMethod(ServiceComponent.java:156)
	at org.eclipse.equinox.internal.ds.model.ServiceComponent.activate(ServiceComponent.java:253)
	at org.eclipse.equinox.internal.ds.model.ServiceComponentProp.activate(ServiceComponentProp.java:146)
	at org.eclipse.equinox.internal.ds.model.ServiceComponentProp.build(ServiceComponentProp.java:347)
	at org.eclipse.equinox.internal.ds.InstanceProcess.buildComponent(InstanceProcess.java:620)
	at org.eclipse.equinox.internal.ds.InstanceProcess.buildComponents(InstanceProcess.java:197)
	at org.eclipse.equinox.internal.ds.Resolver.buildNewlySatisfied(Resolver.java:473)
	at org.eclipse.equinox.internal.ds.Resolver.enableComponents(Resolver.java:217)
	at org.eclipse.equinox.internal.ds.SCRManager.performWork(SCRManager.java:816)
	at org.eclipse.equinox.internal.ds.SCRManager$QueuedJob.dispatch(SCRManager.java:783)
	at org.eclipse.equinox.internal.ds.WorkThread.run(WorkThread.java:89)
	at org.eclipse.equinox.internal.util.impl.tpt.threadpool.Executor.run(Executor.java:70)
Caused by: java.lang.ClassNotFoundException: org.wso2.carbon.url.mapper.HotUpdateService
	at org.eclipse.osgi.internal.loader.BundleLoader.findClassInternal(BundleLoader.java:501)
	at org.eclipse.osgi.internal.loader.BundleLoader.findClass(BundleLoader.java:421)
	at org.eclipse.osgi.internal.loader.BundleLoader.findClass(BundleLoader.java:412)
	at org.eclipse.osgi.internal.baseadaptor.DefaultClassLoader.loadClass(DefaultClassLoader.java:107)
	at java.lang.ClassLoader.loadClass(ClassLoader.java:357)
	... 15 more

!ENTRY org.eclipse.equinox.ds 4 0 2013-10-21 14:57:31.740
!MESSAGE [SCR] Exception while activating instance org.wso2.carbon.webapp.mgt.internal.UrlMapperServiceComponent@3246d0fc of component org.wso2.carbon.webapp.mgt.internal.UrlMapperServiceComponent  
!STACK 0
java.lang.NoClassDefFoundError: org/wso2/carbon/url/mapper/HotUpdateService
	at java.lang.Class.getDeclaredMethods0(Native Method)
	at java.lang.Class.privateGetDeclaredMethods(Class.java:2521)
	at java.lang.Class.getDeclaredMethod(Class.java:1992)
	at org.eclipse.equinox.internal.ds.model.ServiceComponent.getMethod(ServiceComponent.java:156)
	at org.eclipse.equinox.internal.ds.model.ServiceComponent.activate(ServiceComponent.java:253)
	at org.eclipse.equinox.internal.ds.model.ServiceComponentProp.activate(ServiceComponentProp.java:146)
	at org.eclipse.equinox.internal.ds.model.ServiceComponentProp.build(ServiceComponentProp.java:347)
	at org.eclipse.equinox.internal.ds.InstanceProcess.buildComponent(InstanceProcess.java:620)
	at org.eclipse.equinox.internal.ds.InstanceProcess.buildComponents(InstanceProcess.java:197)
	at org.eclipse.equinox.internal.ds.Resolver.buildNewlySatisfied(Resolver.java:473)
	at org.eclipse.equinox.internal.ds.Resolver.enableComponents(Resolver.java:217)
	at org.eclipse.equinox.internal.ds.SCRManager.performWork(SCRManager.java:816)
	at org.eclipse.equinox.internal.ds.SCRManager$QueuedJob.dispatch(SCRManager.java:783)
	at org.eclipse.equinox.internal.ds.WorkThread.run(WorkThread.java:89)
	at org.eclipse.equinox.internal.util.impl.tpt.threadpool.Executor.run(Executor.java:70)
Caused by: java.lang.ClassNotFoundException: org.wso2.carbon.url.mapper.HotUpdateService
	at org.eclipse.osgi.internal.loader.BundleLoader.findClassInternal(BundleLoader.java:501)
	at org.eclipse.osgi.internal.loader.BundleLoader.findClass(BundleLoader.java:421)
	at org.eclipse.osgi.internal.loader.BundleLoader.findClass(BundleLoader.java:412)
	at org.eclipse.osgi.internal.baseadaptor.DefaultClassLoader.loadClass(DefaultClassLoader.java:107)
	at java.lang.ClassLoader.loadClass(ClassLoader.java:357)
	... 15 more

!ENTRY org.wso2.carbon.tomcat.fragment.dummy 4 0 2013-10-21 17:48:23.132
!MESSAGE FrameworkEvent ERROR
!STACK 0
java.io.IOException: Exception in opening zip file: /home/marcel/BAM/wso2bam-2.3.0/repository/components/plugins/org.wso2.carbon.tomcat.fragment.dummy_4.1.0.jar
	at org.eclipse.osgi.framework.util.SecureAction.getZipFile(SecureAction.java:291)
	at org.eclipse.osgi.baseadaptor.bundlefile.ZipBundleFile.basicOpen(ZipBundleFile.java:87)
	at org.eclipse.osgi.baseadaptor.bundlefile.ZipBundleFile.getZipFile(ZipBundleFile.java:100)
	at org.eclipse.osgi.baseadaptor.bundlefile.ZipBundleFile.checkedOpen(ZipBundleFile.java:73)
	at org.eclipse.osgi.baseadaptor.bundlefile.ZipBundleFile.getEntry(ZipBundleFile.java:245)
	at org.eclipse.osgi.baseadaptor.loader.ClasspathManager.findClassImpl(ClasspathManager.java:542)
	at org.eclipse.osgi.baseadaptor.loader.ClasspathManager.findLocalClassImpl(ClasspathManager.java:501)
	at org.eclipse.osgi.baseadaptor.loader.ClasspathManager.findLocalClass(ClasspathManager.java:465)
	at org.eclipse.osgi.internal.baseadaptor.DefaultClassLoader.findLocalClass(DefaultClassLoader.java:216)
	at org.eclipse.osgi.internal.loader.BundleLoader.findLocalClass(BundleLoader.java:395)
	at org.eclipse.osgi.internal.loader.BundleLoader.findClassInternal(BundleLoader.java:464)
	at org.eclipse.osgi.internal.loader.BundleLoader.findClass(BundleLoader.java:421)
	at org.eclipse.osgi.internal.loader.BundleLoader.findClass(BundleLoader.java:412)
	at org.eclipse.osgi.internal.baseadaptor.DefaultClassLoader.loadClass(DefaultClassLoader.java:107)
	at java.lang.ClassLoader.loadClass(ClassLoader.java:357)
	at java.lang.Class.forName0(Native Method)
	at java.lang.Class.forName(Class.java:270)
	at org.wso2.carbon.webapp.mgt.loader.CarbonWebappClassLoader.findClassFromParent(CarbonWebappClassLoader.java:149)
	at org.wso2.carbon.webapp.mgt.loader.CarbonWebappClassLoader.loadClass(CarbonWebappClassLoader.java:132)
	at org.apache.catalina.loader.WebappClassLoader.loadClass(WebappClassLoader.java:1559)
	at java.lang.Class.forName0(Native Method)
	at java.lang.Class.forName(Class.java:270)
	at java.sql.DriverManager.isDriverAllowed(DriverManager.java:463)
	at java.sql.DriverManager.isDriverAllowed(DriverManager.java:455)
	at java.sql.DriverManager.getDrivers(DriverManager.java:356)
	at org.apache.catalina.loader.JdbcLeakPrevention.clearJdbcDriverRegistrations(JdbcLeakPrevention.java:55)
	at sun.reflect.NativeMethodAccessorImpl.invoke0(Native Method)
	at sun.reflect.NativeMethodAccessorImpl.invoke(NativeMethodAccessorImpl.java:57)
	at sun.reflect.DelegatingMethodAccessorImpl.invoke(DelegatingMethodAccessorImpl.java:43)
	at java.lang.reflect.Method.invoke(Method.java:606)
	at org.apache.catalina.loader.WebappClassLoader.clearReferencesJdbc(WebappClassLoader.java:2070)
	at org.apache.catalina.loader.WebappClassLoader.clearReferences(WebappClassLoader.java:1990)
	at org.apache.catalina.loader.WebappClassLoader.stop(WebappClassLoader.java:1902)
	at org.apache.catalina.loader.WebappLoader.stopInternal(WebappLoader.java:661)
	at org.wso2.carbon.webapp.mgt.loader.CarbonWebappLoader.stopInternal(CarbonWebappLoader.java:64)
	at org.apache.catalina.util.LifecycleBase.stop(LifecycleBase.java:232)
	at org.apache.catalina.core.StandardContext.stopInternal(StandardContext.java:5521)
	at org.apache.catalina.util.LifecycleBase.stop(LifecycleBase.java:232)
	at org.wso2.carbon.webapp.mgt.WebApplication.lazyUnload(WebApplication.java:235)
	at org.wso2.carbon.webapp.mgt.WebApplication.lazyUnload(WebApplication.java:225)
	at org.wso2.carbon.webapp.mgt.WebApplication.undeploy(WebApplication.java:265)
	at org.wso2.carbon.webapp.mgt.WebApplicationsHolder.undeployWebapp(WebApplicationsHolder.java:81)
	at org.wso2.carbon.webapp.mgt.TomcatGenericWebappsDeployer.undeploy(TomcatGenericWebappsDeployer.java:376)
	at org.wso2.carbon.webapp.mgt.TomcatGenericWebappsDeployer.undeploy(TomcatGenericWebappsDeployer.java:318)
	at org.wso2.carbon.webapp.mgt.AbstractWebappDeployer.handleUndeployment(AbstractWebappDeployer.java:233)
	at org.wso2.carbon.webapp.mgt.AbstractWebappDeployer.undeploy(AbstractWebappDeployer.java:148)
	at org.apache.axis2.deployment.DeploymentEngine.unDeploy(DeploymentEngine.java:909)
	at org.apache.axis2.deployment.repository.util.WSInfoList.update(WSInfoList.java:143)
	at org.apache.axis2.deployment.RepositoryListener.update(RepositoryListener.java:377)
	at org.apache.axis2.deployment.RepositoryListener.checkServices(RepositoryListener.java:254)
	at org.apache.axis2.deployment.RepositoryListener.startListener(RepositoryListener.java:371)
	at org.apache.axis2.deployment.scheduler.SchedulerTask.checkRepository(SchedulerTask.java:59)
	at org.apache.axis2.deployment.scheduler.SchedulerTask.run(SchedulerTask.java:67)
	at org.wso2.carbon.core.deployment.CarbonDeploymentSchedulerTask.runAxisDeployment(CarbonDeploymentSchedulerTask.java:67)
	at org.wso2.carbon.core.deployment.CarbonDeploymentSchedulerTask.run(CarbonDeploymentSchedulerTask.java:112)
	at java.util.concurrent.Executors$RunnableAdapter.call(Executors.java:471)
	at java.util.concurrent.FutureTask$Sync.innerRunAndReset(FutureTask.java:351)
	at java.util.concurrent.FutureTask.runAndReset(FutureTask.java:178)
	at java.util.concurrent.ScheduledThreadPoolExecutor$ScheduledFutureTask.access$301(ScheduledThreadPoolExecutor.java:178)
	at java.util.concurrent.ScheduledThreadPoolExecutor$ScheduledFutureTask.run(ScheduledThreadPoolExecutor.java:293)
	at java.util.concurrent.ThreadPoolExecutor.runWorker(ThreadPoolExecutor.java:1145)
	at java.util.concurrent.ThreadPoolExecutor$Worker.run(ThreadPoolExecutor.java:615)
	at java.lang.Thread.run(Thread.java:724)
Caused by: java.io.FileNotFoundException: /home/marcel/BAM/wso2bam-2.3.0/repository/components/plugins/org.wso2.carbon.tomcat.fragment.dummy_4.1.0.jar (Too many open files)
	at java.util.zip.ZipFile.open(Native Method)
	at java.util.zip.ZipFile.<init>(ZipFile.java:215)
	at java.util.zip.ZipFile.<init>(ZipFile.java:145)
	at java.util.zip.ZipFile.<init>(ZipFile.java:159)
	at org.eclipse.osgi.framework.util.SecureAction.getZipFile(SecureAction.java:274)
	... 62 more
